{"numTotalTestSuites":431,"numPassedTestSuites":431,"numFailedTestSuites":0,"numPendingTestSuites":0,"numTotalTests":965,"numPassedTests":965,"numFailedTests":0,"numPendingTests":0,"numTodoTests":0,"startTime":1773322829662,"success":true,"testResults":[{"assertionResults":[{"ancestorTitles":["","Cucumber Configuration"],"fullName":" Cucumber Configuration should have cucumber.config.ts file","status":"passed","title":"should have cucumber.config.ts file","duration":0,"failureMessages":[]},{"ancestorTitles":["","Cucumber Configuration"],"fullName":" Cucumber Configuration should contain parallel configuration","status":"passed","title":"should contain parallel configuration","duration":0,"failureMessages":[]},{"ancestorTitles":["","Cucumber Configuration"],"fullName":" Cucumber Configuration should contain feature paths configuration","status":"passed","title":"should contain feature paths configuration","duration":1,"failureMessages":[]},{"ancestorTitles":["","Cucumber Configuration"],"fullName":" Cucumber Configuration should contain step definition paths configuration","status":"passed","title":"should contain step definition paths configuration","duration":0,"failureMessages":[]},{"ancestorTitles":["","Cucumber Configuration"],"fullName":" Cucumber Configuration should contain format options","status":"passed","title":"should contain format options","duration":0,"failureMessages":[]},{"ancestorTitles":["","Cucumber Configuration"],"fullName":" Cucumber Configuration should contain world parameters for TestContext","status":"passed","title":"should contain world parameters for TestContext","duration":0,"failureMessages":[]},{"ancestorTitles":["","Cucumber Configuration"],"fullName":" Cucumber Configuration should load worker count from framework config","status":"passed","title":"should load worker count from framework config","duration":0,"failureMessages":[]},{"ancestorTitles":["","Cucumber Configuration"],"fullName":" Cucumber Configuration should export default configuration","status":"passed","title":"should export default configuration","duration":0,"failureMessages":[]},{"ancestorTitles":["","Cucumber Parallel Configuration Logic"],"fullName":" Cucumber Parallel Configuration Logic should use worker count from config when parallel is enabled","status":"passed","title":"should use worker count from config when parallel is enabled","duration":0,"failureMessages":[]},{"ancestorTitles":["","Cucumber Parallel Configuration Logic"],"fullName":" Cucumber Parallel Configuration Logic should default to 1 worker when parallel is disabled","status":"passed","title":"should default to 1 worker when parallel is disabled","duration":0,"failureMessages":[]}],"startTime":1773322832328,"endTime":1773322832329,"status":"passed","message":"","name":"/Users/smartjoules/Jira2Test/packages/ui-automation/src/cucumber.config.test.ts"},{"assertionResults":[{"ancestorTitles":["","ActionHelperImpl","click"],"fullName":" ActionHelperImpl click should wait for element to be clickable and click it","status":"passed","title":"should wait for element to be clickable and click it","duration":15,"failureMessages":[]},{"ancestorTitles":["","ActionHelperImpl","click"],"fullName":" ActionHelperImpl click should scroll element into view if not in viewport","status":"passed","title":"should scroll element into view if not in viewport","duration":1,"failureMessages":[]},{"ancestorTitles":["","ActionHelperImpl","click"],"fullName":" ActionHelperImpl click should retry on failure with exponential backoff","status":"passed","title":"should retry on failure with exponential backoff","duration":1,"failureMessages":[]},{"ancestorTitles":["","ActionHelperImpl","click"],"fullName":" ActionHelperImpl click should throw ActionFailedError after all retries fail","status":"passed","title":"should throw ActionFailedError after all retries fail","duration":5,"failureMessages":[]},{"ancestorTitles":["","ActionHelperImpl","click"],"fullName":" ActionHelperImpl click should capture screenshot on failure","status":"passed","title":"should capture screenshot on failure","duration":5,"failureMessages":[]},{"ancestorTitles":["","ActionHelperImpl","type"],"fullName":" ActionHelperImpl type should wait for element and type text","status":"passed","title":"should wait for element and type text","duration":1,"failureMessages":[]},{"ancestorTitles":["","ActionHelperImpl","type"],"fullName":" ActionHelperImpl type should log action start and completion","status":"passed","title":"should log action start and completion","duration":1,"failureMessages":[]},{"ancestorTitles":["","ActionHelperImpl","select"],"fullName":" ActionHelperImpl select should select option by value","status":"passed","title":"should select option by value","duration":1,"failureMessages":[]},{"ancestorTitles":["","ActionHelperImpl","select"],"fullName":" ActionHelperImpl select should select option by visible text","status":"passed","title":"should select option by visible text","duration":1,"failureMessages":[]},{"ancestorTitles":["","ActionHelperImpl","select"],"fullName":" ActionHelperImpl select should throw error if option not found","status":"passed","title":"should throw error if option not found","duration":6,"failureMessages":[]},{"ancestorTitles":["","ActionHelperImpl","hover"],"fullName":" ActionHelperImpl hover should move mouse to element","status":"passed","title":"should move mouse to element","duration":3,"failureMessages":[]},{"ancestorTitles":["","ActionHelperImpl","dragDrop"],"fullName":" ActionHelperImpl dragDrop should drag source element to target","status":"passed","title":"should drag source element to target","duration":2,"failureMessages":[]},{"ancestorTitles":["","ActionHelperImpl","scrollIntoView"],"fullName":" ActionHelperImpl scrollIntoView should scroll element into view","status":"passed","title":"should scroll element into view","duration":2,"failureMessages":[]},{"ancestorTitles":["","ActionHelperImpl","clear"],"fullName":" ActionHelperImpl clear should clear element content","status":"passed","title":"should clear element content","duration":2,"failureMessages":[]},{"ancestorTitles":["","ActionHelperImpl","getText"],"fullName":" ActionHelperImpl getText should return element text","status":"passed","title":"should return element text","duration":1,"failureMessages":[]},{"ancestorTitles":["","ActionHelperImpl","getAttribute"],"fullName":" ActionHelperImpl getAttribute should return attribute value","status":"passed","title":"should return attribute value","duration":2,"failureMessages":[]},{"ancestorTitles":["","ActionHelperImpl","getAttribute"],"fullName":" ActionHelperImpl getAttribute should return null for non-existent attribute","status":"passed","title":"should return null for non-existent attribute","duration":3,"failureMessages":[]},{"ancestorTitles":["","ActionHelperImpl","isDisplayed"],"fullName":" ActionHelperImpl isDisplayed should return true when element is displayed","status":"passed","title":"should return true when element is displayed","duration":1,"failureMessages":[]},{"ancestorTitles":["","ActionHelperImpl","isDisplayed"],"fullName":" ActionHelperImpl isDisplayed should return false when element is not displayed","status":"passed","title":"should return false when element is not displayed","duration":1,"failureMessages":[]},{"ancestorTitles":["","ActionHelperImpl","isDisplayed"],"fullName":" ActionHelperImpl isDisplayed should return false when element is not found","status":"passed","title":"should return false when element is not found","duration":0,"failureMessages":[]},{"ancestorTitles":["","ActionHelperImpl","isEnabled"],"fullName":" ActionHelperImpl isEnabled should return true when element is enabled","status":"passed","title":"should return true when element is enabled","duration":1,"failureMessages":[]},{"ancestorTitles":["","ActionHelperImpl","isEnabled"],"fullName":" ActionHelperImpl isEnabled should return false when element is disabled","status":"passed","title":"should return false when element is disabled","duration":0,"failureMessages":[]},{"ancestorTitles":["","ActionHelperImpl","isEnabled"],"fullName":" ActionHelperImpl isEnabled should return false when element is not found","status":"passed","title":"should return false when element is not found","duration":1,"failureMessages":[]},{"ancestorTitles":["","createActionHelper"],"fullName":" createActionHelper should create an ActionHelper instance","status":"passed","title":"should create an ActionHelper instance","duration":0,"failureMessages":[]},{"ancestorTitles":["","ActionHelper retry behavior"],"fullName":" ActionHelper retry behavior should use exponential backoff between retries","status":"passed","title":"should use exponential backoff between retries","duration":15,"failureMessages":[]},{"ancestorTitles":["","ActionHelper edge cases"],"fullName":" ActionHelper edge cases should handle empty text in type action","status":"passed","title":"should handle empty text in type action","duration":1,"failureMessages":[]},{"ancestorTitles":["","ActionHelper edge cases"],"fullName":" ActionHelper edge cases should handle special characters in type action","status":"passed","title":"should handle special characters in type action","duration":7,"failureMessages":[]},{"ancestorTitles":["","ActionHelper edge cases"],"fullName":" ActionHelper edge cases should handle screenshot failure gracefully","status":"passed","title":"should handle screenshot failure gracefully","duration":35,"failureMessages":[]}],"startTime":1773322830419,"endTime":1773322830534,"status":"passed","message":"","name":"/Users/smartjoules/Jira2Test/packages/ui-automation/src/core/action-helper.test.ts"},{"assertionResults":[{"ancestorTitles":["","ConfigManager","load()"],"fullName":" ConfigManager load() should load a valid configuration file","status":"passed","title":"should load a valid configuration file","duration":4,"failureMessages":[]},{"ancestorTitles":["","ConfigManager","load()"],"fullName":" ConfigManager load() should throw ConfigurationError when config file not found","status":"passed","title":"should throw ConfigurationError when config file not found","duration":2,"failureMessages":[]},{"ancestorTitles":["","ConfigManager","load()"],"fullName":" ConfigManager load() should throw ConfigurationError for invalid JSON","status":"passed","title":"should throw ConfigurationError for invalid JSON","duration":2,"failureMessages":[]},{"ancestorTitles":["","ConfigManager","load()"],"fullName":" ConfigManager load() should support all environment profiles","status":"passed","title":"should support all environment profiles","duration":2,"failureMessages":[]},{"ancestorTitles":["","ConfigManager","environment variable resolution"],"fullName":" ConfigManager environment variable resolution should resolve environment variables in string values","status":"passed","title":"should resolve environment variables in string values","duration":1,"failureMessages":[]},{"ancestorTitles":["","ConfigManager","environment variable resolution"],"fullName":" ConfigManager environment variable resolution should resolve multiple environment variables in a single string","status":"passed","title":"should resolve multiple environment variables in a single string","duration":0,"failureMessages":[]},{"ancestorTitles":["","ConfigManager","environment variable resolution"],"fullName":" ConfigManager environment variable resolution should resolve environment variables in nested objects","status":"passed","title":"should resolve environment variables in nested objects","duration":1,"failureMessages":[]},{"ancestorTitles":["","ConfigManager","environment variable resolution"],"fullName":" ConfigManager environment variable resolution should resolve environment variables in arrays","status":"passed","title":"should resolve environment variables in arrays","duration":1,"failureMessages":[]},{"ancestorTitles":["","ConfigManager","environment variable resolution"],"fullName":" ConfigManager environment variable resolution should throw ConfigurationError for missing environment variable","status":"passed","title":"should throw ConfigurationError for missing environment variable","duration":0,"failureMessages":[]},{"ancestorTitles":["","ConfigManager","environment variable resolution"],"fullName":" ConfigManager environment variable resolution should include missing variable name in error","status":"passed","title":"should include missing variable name in error","duration":2,"failureMessages":[]},{"ancestorTitles":["","ConfigManager","validation"],"fullName":" ConfigManager validation should throw ConfigurationError for missing required keys","status":"passed","title":"should throw ConfigurationError for missing required keys","duration":1,"failureMessages":[]},{"ancestorTitles":["","ConfigManager","validation"],"fullName":" ConfigManager validation should include all missing keys in error","status":"passed","title":"should include all missing keys in error","duration":2,"failureMessages":[]},{"ancestorTitles":["","ConfigManager","validation"],"fullName":" ConfigManager validation should throw ConfigurationError for invalid environment value","status":"passed","title":"should throw ConfigurationError for invalid environment value","duration":1,"failureMessages":[]},{"ancestorTitles":["","ConfigManager","validation"],"fullName":" ConfigManager validation should throw ConfigurationError for invalid browser name","status":"passed","title":"should throw ConfigurationError for invalid browser name","duration":1,"failureMessages":[]},{"ancestorTitles":["","ConfigManager","validation"],"fullName":" ConfigManager validation should throw ConfigurationError for invalid log level","status":"passed","title":"should throw ConfigurationError for invalid log level","duration":0,"failureMessages":[]},{"ancestorTitles":["","ConfigManager","validation"],"fullName":" ConfigManager validation should throw ConfigurationError for empty baseUrl","status":"passed","title":"should throw ConfigurationError for empty baseUrl","duration":1,"failureMessages":[]},{"ancestorTitles":["","ConfigManager","validation"],"fullName":" ConfigManager validation should throw ConfigurationError for negative timeout values","status":"passed","title":"should throw ConfigurationError for negative timeout values","duration":1,"failureMessages":[]},{"ancestorTitles":["","ConfigManager","validation"],"fullName":" ConfigManager validation should throw ConfigurationError for invalid retry maxAttempts","status":"passed","title":"should throw ConfigurationError for invalid retry maxAttempts","duration":0,"failureMessages":[]},{"ancestorTitles":["","ConfigManager","validation"],"fullName":" ConfigManager validation should throw ConfigurationError for invalid parallel workers","status":"passed","title":"should throw ConfigurationError for invalid parallel workers","duration":1,"failureMessages":[]},{"ancestorTitles":["","ConfigManager","validation"],"fullName":" ConfigManager validation should throw ConfigurationError for missing nested keys","status":"passed","title":"should throw ConfigurationError for missing nested keys","duration":2,"failureMessages":[]},{"ancestorTitles":["","ConfigManager","getConfig()"],"fullName":" ConfigManager getConfig() should return loaded configuration","status":"passed","title":"should return loaded configuration","duration":1,"failureMessages":[]},{"ancestorTitles":["","ConfigManager","getConfig()"],"fullName":" ConfigManager getConfig() should throw ConfigurationError when config not loaded","status":"passed","title":"should throw ConfigurationError when config not loaded","duration":1,"failureMessages":[]},{"ancestorTitles":["","ConfigManager","logging"],"fullName":" ConfigManager logging should log loaded configuration","status":"passed","title":"should log loaded configuration","duration":3,"failureMessages":[]},{"ancestorTitles":["","ConfigManager","logging"],"fullName":" ConfigManager logging should mask sensitive values in logs","status":"passed","title":"should mask sensitive values in logs","duration":3,"failureMessages":[]},{"ancestorTitles":["","ConfigManager","loadConfig() helper"],"fullName":" ConfigManager loadConfig() helper should load config from UI_AUTOMATION_ENV environment variable","status":"passed","title":"should load config from UI_AUTOMATION_ENV environment variable","duration":1,"failureMessages":[]},{"ancestorTitles":["","ConfigManager","loadConfig() helper"],"fullName":" ConfigManager loadConfig() helper should default to local environment when UI_AUTOMATION_ENV not set","status":"passed","title":"should default to local environment when UI_AUTOMATION_ENV not set","duration":0,"failureMessages":[]},{"ancestorTitles":["","ConfigManager","createConfigManager() helper"],"fullName":" ConfigManager createConfigManager() helper should create a ConfigManager instance","status":"passed","title":"should create a ConfigManager instance","duration":0,"failureMessages":[]},{"ancestorTitles":["","ConfigManager","fail-fast behavior"],"fullName":" ConfigManager fail-fast behavior should fail immediately on missing config file","status":"passed","title":"should fail immediately on missing config file","duration":0,"failureMessages":[]},{"ancestorTitles":["","ConfigManager","fail-fast behavior"],"fullName":" ConfigManager fail-fast behavior should fail immediately on validation error","status":"passed","title":"should fail immediately on validation error","duration":1,"failureMessages":[]},{"ancestorTitles":["","ConfigManager","fail-fast behavior"],"fullName":" ConfigManager fail-fast behavior should fail immediately on missing environment variable","status":"passed","title":"should fail immediately on missing environment variable","duration":1,"failureMessages":[]}],"startTime":1773322830375,"endTime":1773322830413,"status":"passed","message":"","name":"/Users/smartjoules/Jira2Test/packages/ui-automation/src/core/config-manager.test.ts"},{"assertionResults":[{"ancestorTitles":["","Error Handling - Context and Logging","Error Context"],"fullName":" Error Handling - Context and Logging Error Context should include action name in error context","status":"passed","title":"should include action name in error context","duration":8,"failureMessages":[]},{"ancestorTitles":["","Error Handling - Context and Logging","Error Context"],"fullName":" Error Handling - Context and Logging Error Context should include element description in error context","status":"passed","title":"should include element description in error context","duration":3,"failureMessages":[]},{"ancestorTitles":["","Error Handling - Context and Logging","Error Context"],"fullName":" Error Handling - Context and Logging Error Context should include screenshot path in error context","status":"passed","title":"should include screenshot path in error context","duration":5,"failureMessages":[]},{"ancestorTitles":["","Error Handling - Context and Logging","Error Context"],"fullName":" Error Handling - Context and Logging Error Context should include retry attempts in error context","status":"passed","title":"should include retry attempts in error context","duration":4,"failureMessages":[]},{"ancestorTitles":["","Error Handling - Context and Logging","Error Context"],"fullName":" Error Handling - Context and Logging Error Context should include original error message in context","status":"passed","title":"should include original error message in context","duration":3,"failureMessages":[]},{"ancestorTitles":["","Error Handling - Context and Logging","Screenshot Capture on Failure"],"fullName":" Error Handling - Context and Logging Screenshot Capture on Failure should capture screenshot when action fails","status":"passed","title":"should capture screenshot when action fails","duration":2,"failureMessages":[]},{"ancestorTitles":["","Error Handling - Context and Logging","Screenshot Capture on Failure"],"fullName":" Error Handling - Context and Logging Screenshot Capture on Failure should capture screenshot for all action types","status":"passed","title":"should capture screenshot for all action types","duration":18,"failureMessages":[]},{"ancestorTitles":["","Error Handling - Context and Logging","Screenshot Capture on Failure"],"fullName":" Error Handling - Context and Logging Screenshot Capture on Failure should handle screenshot capture failure gracefully","status":"passed","title":"should handle screenshot capture failure gracefully","duration":4,"failureMessages":[]},{"ancestorTitles":["","Error Handling - Context and Logging","Screenshot Capture on Failure"],"fullName":" Error Handling - Context and Logging Screenshot Capture on Failure should log screenshot capture failure","status":"passed","title":"should log screenshot capture failure","duration":4,"failureMessages":[]},{"ancestorTitles":["","Error Handling - Context and Logging","Screenshot Capture on Failure"],"fullName":" Error Handling - Context and Logging Screenshot Capture on Failure should include screenshot in error log","status":"passed","title":"should include screenshot in error log","duration":4,"failureMessages":[]},{"ancestorTitles":["","Error Handling - Context and Logging","Structured Error Logging"],"fullName":" Error Handling - Context and Logging Structured Error Logging should log errors with correlation ID","status":"passed","title":"should log errors with correlation ID","duration":5,"failureMessages":[]},{"ancestorTitles":["","Error Handling - Context and Logging","Structured Error Logging"],"fullName":" Error Handling - Context and Logging Structured Error Logging should log errors with worker ID","status":"passed","title":"should log errors with worker ID","duration":6,"failureMessages":[]},{"ancestorTitles":["","Error Handling - Context and Logging","Structured Error Logging"],"fullName":" Error Handling - Context and Logging Structured Error Logging should log errors with timestamp","status":"passed","title":"should log errors with timestamp","duration":6,"failureMessages":[]},{"ancestorTitles":["","Error Handling - Context and Logging","Structured Error Logging"],"fullName":" Error Handling - Context and Logging Structured Error Logging should log errors with action context","status":"passed","title":"should log errors with action context","duration":9,"failureMessages":[]},{"ancestorTitles":["","Error Handling - Context and Logging","Structured Error Logging"],"fullName":" Error Handling - Context and Logging Structured Error Logging should log errors with stack trace","status":"passed","title":"should log errors with stack trace","duration":13,"failureMessages":[]},{"ancestorTitles":["","Error Handling - Context and Logging","Sensitive Data Masking"],"fullName":" Error Handling - Context and Logging Sensitive Data Masking should mask password in type action logs","status":"passed","title":"should mask password in type action logs","duration":1,"failureMessages":[]},{"ancestorTitles":["","Error Handling - Context and Logging","Sensitive Data Masking"],"fullName":" Error Handling - Context and Logging Sensitive Data Masking should mask sensitive data in error context","status":"passed","title":"should mask sensitive data in error context","duration":1,"failureMessages":[]},{"ancestorTitles":["","Error Handling - Context and Logging","Sensitive Data Masking"],"fullName":" Error Handling - Context and Logging Sensitive Data Masking should mask nested sensitive data","status":"passed","title":"should mask nested sensitive data","duration":0,"failureMessages":[]},{"ancestorTitles":["","Error Handling - Context and Logging","Sensitive Data Masking"],"fullName":" Error Handling - Context and Logging Sensitive Data Masking should mask sensitive data in arrays","status":"passed","title":"should mask sensitive data in arrays","duration":0,"failureMessages":[]},{"ancestorTitles":["","Error Handling - Context and Logging","Sensitive Data Masking"],"fullName":" Error Handling - Context and Logging Sensitive Data Masking should mask common sensitive key patterns","status":"passed","title":"should mask common sensitive key patterns","duration":1,"failureMessages":[]},{"ancestorTitles":["","Error Handling - Context and Logging","Error Handling Edge Cases"],"fullName":" Error Handling - Context and Logging Error Handling Edge Cases should handle null error context gracefully","status":"passed","title":"should handle null error context gracefully","duration":6,"failureMessages":[]},{"ancestorTitles":["","Error Handling - Context and Logging","Error Handling Edge Cases"],"fullName":" Error Handling - Context and Logging Error Handling Edge Cases should handle circular references in error context","status":"passed","title":"should handle circular references in error context","duration":105,"failureMessages":[]},{"ancestorTitles":["","Error Handling - Context and Logging","Error Handling Edge Cases"],"fullName":" Error Handling - Context and Logging Error Handling Edge Cases should handle very large error messages","status":"passed","title":"should handle very large error messages","duration":5,"failureMessages":[]},{"ancestorTitles":["","Error Handling - Context and Logging","Error Handling Edge Cases"],"fullName":" Error Handling - Context and Logging Error Handling Edge Cases should handle undefined error messages","status":"passed","title":"should handle undefined error messages","duration":4,"failureMessages":[]}],"startTime":1773322830181,"endTime":1773322830398,"status":"passed","message":"","name":"/Users/smartjoules/Jira2Test/packages/ui-automation/src/core/error-handling.test.ts"},{"assertionResults":[{"ancestorTitles":["","StructuredLogger","log level filtering"],"fullName":" StructuredLogger log level filtering should log debug messages when level is debug","status":"passed","title":"should log debug messages when level is debug","duration":4,"failureMessages":[]},{"ancestorTitles":["","StructuredLogger","log level filtering"],"fullName":" StructuredLogger log level filtering should not log debug messages when level is info","status":"passed","title":"should not log debug messages when level is info","duration":0,"failureMessages":[]},{"ancestorTitles":["","StructuredLogger","log level filtering"],"fullName":" StructuredLogger log level filtering should log info messages when level is info","status":"passed","title":"should log info messages when level is info","duration":0,"failureMessages":[]},{"ancestorTitles":["","StructuredLogger","log level filtering"],"fullName":" StructuredLogger log level filtering should not log info messages when level is warn","status":"passed","title":"should not log info messages when level is warn","duration":1,"failureMessages":[]},{"ancestorTitles":["","StructuredLogger","log level filtering"],"fullName":" StructuredLogger log level filtering should log warn messages when level is warn","status":"passed","title":"should log warn messages when level is warn","duration":0,"failureMessages":[]},{"ancestorTitles":["","StructuredLogger","log level filtering"],"fullName":" StructuredLogger log level filtering should not log warn messages when level is error","status":"passed","title":"should not log warn messages when level is error","duration":1,"failureMessages":[]},{"ancestorTitles":["","StructuredLogger","log level filtering"],"fullName":" StructuredLogger log level filtering should always log error messages regardless of level","status":"passed","title":"should always log error messages regardless of level","duration":0,"failureMessages":[]},{"ancestorTitles":["","StructuredLogger","structured JSON output"],"fullName":" StructuredLogger structured JSON output should output valid JSON","status":"passed","title":"should output valid JSON","duration":1,"failureMessages":[]},{"ancestorTitles":["","StructuredLogger","structured JSON output"],"fullName":" StructuredLogger structured JSON output should include required fields in log entry","status":"passed","title":"should include required fields in log entry","duration":1,"failureMessages":[]},{"ancestorTitles":["","StructuredLogger","structured JSON output"],"fullName":" StructuredLogger structured JSON output should include ISO 8601 timestamp","status":"passed","title":"should include ISO 8601 timestamp","duration":0,"failureMessages":[]},{"ancestorTitles":["","StructuredLogger","structured JSON output"],"fullName":" StructuredLogger structured JSON output should include additional data in log entry","status":"passed","title":"should include additional data in log entry","duration":0,"failureMessages":[]},{"ancestorTitles":["","StructuredLogger","correlation IDs"],"fullName":" StructuredLogger correlation IDs should include workerId in all log entries","status":"passed","title":"should include workerId in all log entries","duration":0,"failureMessages":[]},{"ancestorTitles":["","StructuredLogger","correlation IDs"],"fullName":" StructuredLogger correlation IDs should include correlationId in all log entries","status":"passed","title":"should include correlationId in all log entries","duration":0,"failureMessages":[]},{"ancestorTitles":["","StructuredLogger","correlation IDs"],"fullName":" StructuredLogger correlation IDs should include testId when set","status":"passed","title":"should include testId when set","duration":0,"failureMessages":[]},{"ancestorTitles":["","StructuredLogger","correlation IDs"],"fullName":" StructuredLogger correlation IDs should not include testId when not set","status":"passed","title":"should not include testId when not set","duration":1,"failureMessages":[]},{"ancestorTitles":["","StructuredLogger","correlation IDs"],"fullName":" StructuredLogger correlation IDs should clear testId when clearTestId is called","status":"passed","title":"should clear testId when clearTestId is called","duration":0,"failureMessages":[]},{"ancestorTitles":["","StructuredLogger","sensitive data masking"],"fullName":" StructuredLogger sensitive data masking should mask password fields","status":"passed","title":"should mask password fields","duration":0,"failureMessages":[]},{"ancestorTitles":["","StructuredLogger","sensitive data masking"],"fullName":" StructuredLogger sensitive data masking should mask token fields","status":"passed","title":"should mask token fields","duration":0,"failureMessages":[]},{"ancestorTitles":["","StructuredLogger","sensitive data masking"],"fullName":" StructuredLogger sensitive data masking should mask api key fields","status":"passed","title":"should mask api key fields","duration":0,"failureMessages":[]},{"ancestorTitles":["","StructuredLogger","sensitive data masking"],"fullName":" StructuredLogger sensitive data masking should mask authorization headers","status":"passed","title":"should mask authorization headers","duration":0,"failureMessages":[]},{"ancestorTitles":["","StructuredLogger","sensitive data masking"],"fullName":" StructuredLogger sensitive data masking should mask nested sensitive fields","status":"passed","title":"should mask nested sensitive fields","duration":0,"failureMessages":[]},{"ancestorTitles":["","StructuredLogger","sensitive data masking"],"fullName":" StructuredLogger sensitive data masking should mask sensitive fields in arrays","status":"passed","title":"should mask sensitive fields in arrays","duration":0,"failureMessages":[]},{"ancestorTitles":["","StructuredLogger","sensitive data masking"],"fullName":" StructuredLogger sensitive data masking should be case-insensitive when matching sensitive keys","status":"passed","title":"should be case-insensitive when matching sensitive keys","duration":1,"failureMessages":[]},{"ancestorTitles":["","StructuredLogger","sensitive data masking"],"fullName":" StructuredLogger sensitive data masking should mask fields containing sensitive keywords","status":"passed","title":"should mask fields containing sensitive keywords","duration":0,"failureMessages":[]},{"ancestorTitles":["","StructuredLogger","createStructuredLogger factory"],"fullName":" StructuredLogger createStructuredLogger factory should create a working logger instance","status":"passed","title":"should create a working logger instance","duration":0,"failureMessages":[]},{"ancestorTitles":["","StructuredLogger","maskSensitiveData function"],"fullName":" StructuredLogger maskSensitiveData function should return a new object without mutating the original","status":"passed","title":"should return a new object without mutating the original","duration":0,"failureMessages":[]},{"ancestorTitles":["","StructuredLogger","maskSensitiveData function"],"fullName":" StructuredLogger maskSensitiveData function should handle empty objects","status":"passed","title":"should handle empty objects","duration":0,"failureMessages":[]},{"ancestorTitles":["","StructuredLogger","maskSensitiveData function"],"fullName":" StructuredLogger maskSensitiveData function should preserve non-sensitive primitive values","status":"passed","title":"should preserve non-sensitive primitive values","duration":0,"failureMessages":[]},{"ancestorTitles":["","StructuredLogger","maskSensitiveData function"],"fullName":" StructuredLogger maskSensitiveData function should handle deeply nested objects","status":"passed","title":"should handle deeply nested objects","duration":1,"failureMessages":[]},{"ancestorTitles":["","StructuredLogger","maskSensitiveData function"],"fullName":" StructuredLogger maskSensitiveData function should handle arrays with mixed content","status":"passed","title":"should handle arrays with mixed content","duration":0,"failureMessages":[]},{"ancestorTitles":["","StructuredLogger","edge cases"],"fullName":" StructuredLogger edge cases should handle undefined data parameter","status":"passed","title":"should handle undefined data parameter","duration":0,"failureMessages":[]},{"ancestorTitles":["","StructuredLogger","edge cases"],"fullName":" StructuredLogger edge cases should handle empty string messages","status":"passed","title":"should handle empty string messages","duration":0,"failureMessages":[]},{"ancestorTitles":["","StructuredLogger","edge cases"],"fullName":" StructuredLogger edge cases should handle special characters in messages","status":"passed","title":"should handle special characters in messages","duration":0,"failureMessages":[]},{"ancestorTitles":["","StructuredLogger","edge cases"],"fullName":" StructuredLogger edge cases should handle unicode characters","status":"passed","title":"should handle unicode characters","duration":0,"failureMessages":[]}],"startTime":1773322830955,"endTime":1773322830968,"status":"passed","message":"","name":"/Users/smartjoules/Jira2Test/packages/ui-automation/src/core/logger.test.ts"},{"assertionResults":[{"ancestorTitles":["","Property 50: Worker-Scoped Context Isolation","Unique Context IDs"],"fullName":" Property 50: Worker-Scoped Context Isolation Unique Context IDs should generate unique context IDs for any number of parallel workers","status":"passed","title":"should generate unique context IDs for any number of parallel workers","duration":26,"failureMessages":[]},{"ancestorTitles":["","Property 50: Worker-Scoped Context Isolation","Unique Context IDs"],"fullName":" Property 50: Worker-Scoped Context Isolation Unique Context IDs should generate unique context IDs even for the same worker ID called multiple times","status":"passed","title":"should generate unique context IDs even for the same worker ID called multiple times","duration":193,"failureMessages":[]},{"ancestorTitles":["","Property 50: Worker-Scoped Context Isolation","Unique Correlation IDs"],"fullName":" Property 50: Worker-Scoped Context Isolation Unique Correlation IDs should generate unique correlation IDs for any number of parallel workers","status":"passed","title":"should generate unique correlation IDs for any number of parallel workers","duration":11,"failureMessages":[]},{"ancestorTitles":["","Property 50: Worker-Scoped Context Isolation","Unique Correlation IDs"],"fullName":" Property 50: Worker-Scoped Context Isolation Unique Correlation IDs should generate correlation IDs with expected format","status":"passed","title":"should generate correlation IDs with expected format","duration":5,"failureMessages":[]},{"ancestorTitles":["","Property 50: Worker-Scoped Context Isolation","No Shared Mutable State"],"fullName":" Property 50: Worker-Scoped Context Isolation No Shared Mutable State should create independent driver instances for each context","status":"passed","title":"should create independent driver instances for each context","duration":5,"failureMessages":[]},{"ancestorTitles":["","Property 50: Worker-Scoped Context Isolation","No Shared Mutable State"],"fullName":" Property 50: Worker-Scoped Context Isolation No Shared Mutable State should create independent logger instances for each context","status":"passed","title":"should create independent logger instances for each context","duration":6,"failureMessages":[]},{"ancestorTitles":["","Property 50: Worker-Scoped Context Isolation","No Shared Mutable State"],"fullName":" Property 50: Worker-Scoped Context Isolation No Shared Mutable State should create independent action helper instances for each context","status":"passed","title":"should create independent action helper instances for each context","duration":10,"failureMessages":[]},{"ancestorTitles":["","Property 50: Worker-Scoped Context Isolation","No Shared Mutable State"],"fullName":" Property 50: Worker-Scoped Context Isolation No Shared Mutable State should create independent wait strategy instances for each context","status":"passed","title":"should create independent wait strategy instances for each context","duration":6,"failureMessages":[]},{"ancestorTitles":["","Property 50: Worker-Scoped Context Isolation","No Shared Mutable State"],"fullName":" Property 50: Worker-Scoped Context Isolation No Shared Mutable State should create independent plugin manager instances for each context","status":"passed","title":"should create independent plugin manager instances for each context","duration":5,"failureMessages":[]},{"ancestorTitles":["","Property 50: Worker-Scoped Context Isolation","Context Immutability"],"fullName":" Property 50: Worker-Scoped Context Isolation Context Immutability should create frozen context objects that cannot be modified","status":"passed","title":"should create frozen context objects that cannot be modified","duration":5,"failureMessages":[]},{"ancestorTitles":["","Property 50: Worker-Scoped Context Isolation","Context Immutability"],"fullName":" Property 50: Worker-Scoped Context Isolation Context Immutability should create frozen config objects within contexts","status":"passed","title":"should create frozen config objects within contexts","duration":2,"failureMessages":[]},{"ancestorTitles":["","Property 50: Worker-Scoped Context Isolation","Worker ID Preservation"],"fullName":" Property 50: Worker-Scoped Context Isolation Worker ID Preservation should preserve the worker ID in the created context","status":"passed","title":"should preserve the worker ID in the created context","duration":2,"failureMessages":[]},{"ancestorTitles":["","Property 50: Worker-Scoped Context Isolation","Worker ID Preservation"],"fullName":" Property 50: Worker-Scoped Context Isolation Worker ID Preservation should include worker ID in context ID for traceability","status":"passed","title":"should include worker ID in context ID for traceability","duration":1,"failureMessages":[]},{"ancestorTitles":["","Property 50: Worker-Scoped Context Isolation","Parallel Context Creation Stress Test"],"fullName":" Property 50: Worker-Scoped Context Isolation Parallel Context Creation Stress Test should handle concurrent context creation without conflicts","status":"passed","title":"should handle concurrent context creation without conflicts","duration":2,"failureMessages":[]},{"ancestorTitles":["","Property 50: Worker-Scoped Context Isolation","Context Disposal Independence"],"fullName":" Property 50: Worker-Scoped Context Isolation Context Disposal Independence should dispose contexts independently without affecting other contexts","status":"passed","title":"should dispose contexts independently without affecting other contexts","duration":15,"failureMessages":[]}],"startTime":1773322830733,"endTime":1773322831027,"status":"passed","message":"","name":"/Users/smartjoules/Jira2Test/packages/ui-automation/src/core/test-context.property.test.ts"},{"assertionResults":[{"ancestorTitles":["","TestContextFactory","create()"],"fullName":" TestContextFactory create() should create a TestContext with unique id","status":"passed","title":"should create a TestContext with unique id","duration":3,"failureMessages":[]},{"ancestorTitles":["","TestContextFactory","create()"],"fullName":" TestContextFactory create() should create a TestContext with the provided workerId","status":"passed","title":"should create a TestContext with the provided workerId","duration":0,"failureMessages":[]},{"ancestorTitles":["","TestContextFactory","create()"],"fullName":" TestContextFactory create() should create a TestContext with unique correlationId","status":"passed","title":"should create a TestContext with unique correlationId","duration":1,"failureMessages":[]},{"ancestorTitles":["","TestContextFactory","create()"],"fullName":" TestContextFactory create() should create a TestContext with frozen config","status":"passed","title":"should create a TestContext with frozen config","duration":0,"failureMessages":[]},{"ancestorTitles":["","TestContextFactory","create()"],"fullName":" TestContextFactory create() should create a TestContext with all required properties","status":"passed","title":"should create a TestContext with all required properties","duration":0,"failureMessages":[]},{"ancestorTitles":["","TestContextFactory","create()"],"fullName":" TestContextFactory create() should create a frozen TestContext object","status":"passed","title":"should create a frozen TestContext object","duration":0,"failureMessages":[]},{"ancestorTitles":["","TestContextFactory","context isolation"],"fullName":" TestContextFactory context isolation should create contexts with different ids for different workers","status":"passed","title":"should create contexts with different ids for different workers","duration":1,"failureMessages":[]},{"ancestorTitles":["","TestContextFactory","context isolation"],"fullName":" TestContextFactory context isolation should create contexts with different correlationIds for different workers","status":"passed","title":"should create contexts with different correlationIds for different workers","duration":0,"failureMessages":[]},{"ancestorTitles":["","TestContextFactory","context isolation"],"fullName":" TestContextFactory context isolation should create contexts with different ids for same worker called twice","status":"passed","title":"should create contexts with different ids for same worker called twice","duration":3,"failureMessages":[]},{"ancestorTitles":["","TestContextFactory","context isolation"],"fullName":" TestContextFactory context isolation should create contexts with independent driver instances","status":"passed","title":"should create contexts with independent driver instances","duration":1,"failureMessages":[]},{"ancestorTitles":["","TestContextFactory","context isolation"],"fullName":" TestContextFactory context isolation should create contexts with independent logger instances","status":"passed","title":"should create contexts with independent logger instances","duration":0,"failureMessages":[]},{"ancestorTitles":["","TestContextFactory","context isolation"],"fullName":" TestContextFactory context isolation should create contexts with independent action helper instances","status":"passed","title":"should create contexts with independent action helper instances","duration":0,"failureMessages":[]},{"ancestorTitles":["","TestContextFactory","context isolation"],"fullName":" TestContextFactory context isolation should create contexts with independent wait strategy instances","status":"passed","title":"should create contexts with independent wait strategy instances","duration":0,"failureMessages":[]},{"ancestorTitles":["","TestContextFactory","context isolation"],"fullName":" TestContextFactory context isolation should create contexts with independent plugin manager instances","status":"passed","title":"should create contexts with independent plugin manager instances","duration":1,"failureMessages":[]},{"ancestorTitles":["","TestContextFactory","dispose()"],"fullName":" TestContextFactory dispose() should dispose context without throwing","status":"passed","title":"should dispose context without throwing","duration":0,"failureMessages":[]},{"ancestorTitles":["","TestContextFactory","dispose()"],"fullName":" TestContextFactory dispose() should call plugins.flushAll() during disposal","status":"passed","title":"should call plugins.flushAll() during disposal","duration":0,"failureMessages":[]},{"ancestorTitles":["","TestContextFactory","dispose()"],"fullName":" TestContextFactory dispose() should call driver.quit() during disposal","status":"passed","title":"should call driver.quit() during disposal","duration":1,"failureMessages":[]},{"ancestorTitles":["","TestContextFactory","dispose()"],"fullName":" TestContextFactory dispose() should handle plugin flush errors gracefully","status":"passed","title":"should handle plugin flush errors gracefully","duration":0,"failureMessages":[]},{"ancestorTitles":["","TestContextFactory","dispose()"],"fullName":" TestContextFactory dispose() should handle driver quit errors gracefully","status":"passed","title":"should handle driver quit errors gracefully","duration":0,"failureMessages":[]},{"ancestorTitles":["","TestContextFactory","configuration handling"],"fullName":" TestContextFactory configuration handling should use default log level when not specified","status":"passed","title":"should use default log level when not specified","duration":0,"failureMessages":[]},{"ancestorTitles":["","TestContextFactory","configuration handling"],"fullName":" TestContextFactory configuration handling should use configured log level","status":"passed","title":"should use configured log level","duration":1,"failureMessages":[]},{"ancestorTitles":["","TestContextFactory","configuration handling"],"fullName":" TestContextFactory configuration handling should handle empty plugins configuration","status":"passed","title":"should handle empty plugins configuration","duration":0,"failureMessages":[]},{"ancestorTitles":["","TestContextFactory","configuration handling"],"fullName":" TestContextFactory configuration handling should handle plugins with enabled list","status":"passed","title":"should handle plugins with enabled list","duration":0,"failureMessages":[]},{"ancestorTitles":["","TestContextFactory","locators access"],"fullName":" TestContextFactory locators access should provide access to typed locators","status":"passed","title":"should provide access to typed locators","duration":0,"failureMessages":[]},{"ancestorTitles":["","TestContextFactory","locators access"],"fullName":" TestContextFactory locators access should provide access to specific locator elements","status":"passed","title":"should provide access to specific locator elements","duration":0,"failureMessages":[]},{"ancestorTitles":["","TestContext immutability"],"fullName":" TestContext immutability should not allow modification of context properties","status":"passed","title":"should not allow modification of context properties","duration":1,"failureMessages":[]},{"ancestorTitles":["","TestContext immutability"],"fullName":" TestContext immutability should not allow adding new properties to context","status":"passed","title":"should not allow adding new properties to context","duration":0,"failureMessages":[]},{"ancestorTitles":["","TestContext immutability"],"fullName":" TestContext immutability should not allow deleting properties from context","status":"passed","title":"should not allow deleting properties from context","duration":0,"failureMessages":[]}],"startTime":1773322831621,"endTime":1773322831634,"status":"passed","message":"","name":"/Users/smartjoules/Jira2Test/packages/ui-automation/src/core/test-context.test.ts"},{"assertionResults":[{"ancestorTitles":["","Property 56: Extended Wait Conditions","Basic Wait Conditions (forVisible, forClickable, forPresent)"],"fullName":" Property 56: Extended Wait Conditions Basic Wait Conditions (forVisible, forClickable, forPresent) should throw WaitTimeoutError with correct context when timeout is exceeded","status":"passed","title":"should throw WaitTimeoutError with correct context when timeout is exceeded","duration":9,"failureMessages":[]},{"ancestorTitles":["","Property 56: Extended Wait Conditions","Basic Wait Conditions (forVisible, forClickable, forPresent)"],"fullName":" Property 56: Extended Wait Conditions Basic Wait Conditions (forVisible, forClickable, forPresent) should return element when condition is met for any valid locator","status":"passed","title":"should return element when condition is met for any valid locator","duration":5,"failureMessages":[]},{"ancestorTitles":["","Property 56: Extended Wait Conditions","Basic Wait Conditions (forVisible, forClickable, forPresent)"],"fullName":" Property 56: Extended Wait Conditions Basic Wait Conditions (forVisible, forClickable, forPresent) should use locator timeout when specified, otherwise use provided timeout","status":"passed","title":"should use locator timeout when specified, otherwise use provided timeout","duration":6,"failureMessages":[]},{"ancestorTitles":["","Property 56: Extended Wait Conditions","Basic Wait Conditions (forVisible, forClickable, forPresent)"],"fullName":" Property 56: Extended Wait Conditions Basic Wait Conditions (forVisible, forClickable, forPresent) should log wait completion with timing information for all basic conditions","status":"passed","title":"should log wait completion with timing information for all basic conditions","duration":3,"failureMessages":[]},{"ancestorTitles":["","Property 56: Extended Wait Conditions","forStale Wait Condition"],"fullName":" Property 56: Extended Wait Conditions forStale Wait Condition should throw WaitTimeoutError when element does not become stale","status":"passed","title":"should throw WaitTimeoutError when element does not become stale","duration":4,"failureMessages":[]},{"ancestorTitles":["","Property 56: Extended Wait Conditions","forStale Wait Condition"],"fullName":" Property 56: Extended Wait Conditions forStale Wait Condition should complete successfully when element becomes stale","status":"passed","title":"should complete successfully when element becomes stale","duration":2,"failureMessages":[]},{"ancestorTitles":["","Property 56: Extended Wait Conditions","Extended Wait: forNetworkIdle"],"fullName":" Property 56: Extended Wait Conditions Extended Wait: forNetworkIdle should throw WaitTimeoutError when network does not become idle","status":"passed","title":"should throw WaitTimeoutError when network does not become idle","duration":1,"failureMessages":[]},{"ancestorTitles":["","Property 56: Extended Wait Conditions","Extended Wait: forNetworkIdle"],"fullName":" Property 56: Extended Wait Conditions Extended Wait: forNetworkIdle should complete when network is idle (no pending requests)","status":"passed","title":"should complete when network is idle (no pending requests)","duration":2,"failureMessages":[]},{"ancestorTitles":["","Property 56: Extended Wait Conditions","Extended Wait: forText"],"fullName":" Property 56: Extended Wait Conditions Extended Wait: forText should throw WaitTimeoutError with expected text in context when text not found","status":"passed","title":"should throw WaitTimeoutError with expected text in context when text not found","duration":2,"failureMessages":[]},{"ancestorTitles":["","Property 56: Extended Wait Conditions","Extended Wait: forText"],"fullName":" Property 56: Extended Wait Conditions Extended Wait: forText should return element when text is found","status":"passed","title":"should return element when text is found","duration":2,"failureMessages":[]},{"ancestorTitles":["","Property 56: Extended Wait Conditions","Extended Wait: forCount"],"fullName":" Property 56: Extended Wait Conditions Extended Wait: forCount should throw WaitTimeoutError with expected count in context when count not matched","status":"passed","title":"should throw WaitTimeoutError with expected count in context when count not matched","duration":17,"failureMessages":[]},{"ancestorTitles":["","Property 56: Extended Wait Conditions","Extended Wait: forCount"],"fullName":" Property 56: Extended Wait Conditions Extended Wait: forCount should return elements when count matches","status":"passed","title":"should return elements when count matches","duration":17,"failureMessages":[]},{"ancestorTitles":["","Property 56: Extended Wait Conditions","Extended Wait: forApiResponse"],"fullName":" Property 56: Extended Wait Conditions Extended Wait: forApiResponse should throw WaitTimeoutError with URL pattern in context when API response not found","status":"passed","title":"should throw WaitTimeoutError with URL pattern in context when API response not found","duration":13,"failureMessages":[]},{"ancestorTitles":["","Property 56: Extended Wait Conditions","Extended Wait: forApiResponse"],"fullName":" Property 56: Extended Wait Conditions Extended Wait: forApiResponse should return performance entry when API response matches string pattern","status":"passed","title":"should return performance entry when API response matches string pattern","duration":3,"failureMessages":[]},{"ancestorTitles":["","Property 56: Extended Wait Conditions","Extended Wait: forApiResponse"],"fullName":" Property 56: Extended Wait Conditions Extended Wait: forApiResponse should return performance entry when API response matches RegExp pattern","status":"passed","title":"should return performance entry when API response matches RegExp pattern","duration":4,"failureMessages":[]},{"ancestorTitles":["","Property 56: Extended Wait Conditions","Extended Wait: forAnimationComplete"],"fullName":" Property 56: Extended Wait Conditions Extended Wait: forAnimationComplete should throw WaitTimeoutError when animations do not complete","status":"passed","title":"should throw WaitTimeoutError when animations do not complete","duration":4,"failureMessages":[]},{"ancestorTitles":["","Property 56: Extended Wait Conditions","Extended Wait: forAnimationComplete"],"fullName":" Property 56: Extended Wait Conditions Extended Wait: forAnimationComplete should return element when animations complete","status":"passed","title":"should return element when animations complete","duration":3,"failureMessages":[]},{"ancestorTitles":["","Property 56: Extended Wait Conditions","Custom Wait: forCustom"],"fullName":" Property 56: Extended Wait Conditions Custom Wait: forCustom should throw WaitTimeoutError when custom condition never becomes truthy","status":"passed","title":"should throw WaitTimeoutError when custom condition never becomes truthy","duration":6,"failureMessages":[]},{"ancestorTitles":["","Property 56: Extended Wait Conditions","Custom Wait: forCustom"],"fullName":" Property 56: Extended Wait Conditions Custom Wait: forCustom should return result when custom condition becomes truthy","status":"passed","title":"should return result when custom condition becomes truthy","duration":6,"failureMessages":[]},{"ancestorTitles":["","Property 56: Extended Wait Conditions","Custom Wait: forCustom"],"fullName":" Property 56: Extended Wait Conditions Custom Wait: forCustom should handle condition throwing errors gracefully","status":"passed","title":"should handle condition throwing errors gracefully","duration":3,"failureMessages":[]},{"ancestorTitles":["","Property 56: Extended Wait Conditions","Error Context Completeness"],"fullName":" Property 56: Extended Wait Conditions Error Context Completeness should include locator details in error context for element-based waits","status":"passed","title":"should include locator details in error context for element-based waits","duration":10,"failureMessages":[]},{"ancestorTitles":["","Property 56: Extended Wait Conditions","Timeout Behavior"],"fullName":" Property 56: Extended Wait Conditions Timeout Behavior should use config default timeout when no timeout is provided","status":"passed","title":"should use config default timeout when no timeout is provided","duration":3,"failureMessages":[]},{"ancestorTitles":["","Property 56: Extended Wait Conditions","Timeout Behavior"],"fullName":" Property 56: Extended Wait Conditions Timeout Behavior should log warning on timeout for all wait conditions","status":"passed","title":"should log warning on timeout for all wait conditions","duration":5,"failureMessages":[]},{"ancestorTitles":["","Property 56: Extended Wait Conditions","Locator Strategy Conversion"],"fullName":" Property 56: Extended Wait Conditions Locator Strategy Conversion should correctly convert all locator strategies to Selenium By","status":"passed","title":"should correctly convert all locator strategies to Selenium By","duration":8,"failureMessages":[]}],"startTime":1773322830177,"endTime":1773322830316,"status":"passed","message":"","name":"/Users/smartjoules/Jira2Test/packages/ui-automation/src/core/wait-strategy.property.test.ts"},{"assertionResults":[{"ancestorTitles":["","WaitStrategy","Basic Waits","forVisible"],"fullName":" WaitStrategy Basic Waits forVisible should wait for element to be visible","status":"passed","title":"should wait for element to be visible","duration":4,"failureMessages":[]},{"ancestorTitles":["","WaitStrategy","Basic Waits","forVisible"],"fullName":" WaitStrategy Basic Waits forVisible should use custom timeout when provided","status":"passed","title":"should use custom timeout when provided","duration":0,"failureMessages":[]},{"ancestorTitles":["","WaitStrategy","Basic Waits","forVisible"],"fullName":" WaitStrategy Basic Waits forVisible should use locator timeout when specified","status":"passed","title":"should use locator timeout when specified","duration":0,"failureMessages":[]},{"ancestorTitles":["","WaitStrategy","Basic Waits","forVisible"],"fullName":" WaitStrategy Basic Waits forVisible should throw WaitTimeoutError on timeout","status":"passed","title":"should throw WaitTimeoutError on timeout","duration":1,"failureMessages":[]},{"ancestorTitles":["","WaitStrategy","Basic Waits","forClickable"],"fullName":" WaitStrategy Basic Waits forClickable should wait for element to be clickable","status":"passed","title":"should wait for element to be clickable","duration":0,"failureMessages":[]},{"ancestorTitles":["","WaitStrategy","Basic Waits","forClickable"],"fullName":" WaitStrategy Basic Waits forClickable should throw WaitTimeoutError on timeout","status":"passed","title":"should throw WaitTimeoutError on timeout","duration":1,"failureMessages":[]},{"ancestorTitles":["","WaitStrategy","Basic Waits","forPresent"],"fullName":" WaitStrategy Basic Waits forPresent should wait for element to be present in DOM","status":"passed","title":"should wait for element to be present in DOM","duration":0,"failureMessages":[]},{"ancestorTitles":["","WaitStrategy","Basic Waits","forPresent"],"fullName":" WaitStrategy Basic Waits forPresent should throw WaitTimeoutError on timeout","status":"passed","title":"should throw WaitTimeoutError on timeout","duration":0,"failureMessages":[]},{"ancestorTitles":["","WaitStrategy","Basic Waits","forStale"],"fullName":" WaitStrategy Basic Waits forStale should wait for element to become stale","status":"passed","title":"should wait for element to become stale","duration":1,"failureMessages":[]},{"ancestorTitles":["","WaitStrategy","Basic Waits","forStale"],"fullName":" WaitStrategy Basic Waits forStale should throw WaitTimeoutError on timeout","status":"passed","title":"should throw WaitTimeoutError on timeout","duration":0,"failureMessages":[]},{"ancestorTitles":["","WaitStrategy","Extended Waits","forNetworkIdle"],"fullName":" WaitStrategy Extended Waits forNetworkIdle should wait for network to be idle","status":"passed","title":"should wait for network to be idle","duration":3,"failureMessages":[]},{"ancestorTitles":["","WaitStrategy","Extended Waits","forNetworkIdle"],"fullName":" WaitStrategy Extended Waits forNetworkIdle should throw WaitTimeoutError on timeout","status":"passed","title":"should throw WaitTimeoutError on timeout","duration":0,"failureMessages":[]},{"ancestorTitles":["","WaitStrategy","Extended Waits","forText"],"fullName":" WaitStrategy Extended Waits forText should wait for element to contain specific text","status":"passed","title":"should wait for element to contain specific text","duration":1,"failureMessages":[]},{"ancestorTitles":["","WaitStrategy","Extended Waits","forText"],"fullName":" WaitStrategy Extended Waits forText should throw WaitTimeoutError when text not found","status":"passed","title":"should throw WaitTimeoutError when text not found","duration":0,"failureMessages":[]},{"ancestorTitles":["","WaitStrategy","Extended Waits","forCount"],"fullName":" WaitStrategy Extended Waits forCount should wait for specific number of elements","status":"passed","title":"should wait for specific number of elements","duration":0,"failureMessages":[]},{"ancestorTitles":["","WaitStrategy","Extended Waits","forCount"],"fullName":" WaitStrategy Extended Waits forCount should throw WaitTimeoutError when count not matched","status":"passed","title":"should throw WaitTimeoutError when count not matched","duration":0,"failureMessages":[]},{"ancestorTitles":["","WaitStrategy","Extended Waits","forApiResponse"],"fullName":" WaitStrategy Extended Waits forApiResponse should wait for API response matching string pattern","status":"passed","title":"should wait for API response matching string pattern","duration":0,"failureMessages":[]},{"ancestorTitles":["","WaitStrategy","Extended Waits","forApiResponse"],"fullName":" WaitStrategy Extended Waits forApiResponse should wait for API response matching RegExp pattern","status":"passed","title":"should wait for API response matching RegExp pattern","duration":0,"failureMessages":[]},{"ancestorTitles":["","WaitStrategy","Extended Waits","forApiResponse"],"fullName":" WaitStrategy Extended Waits forApiResponse should throw WaitTimeoutError when API response not found","status":"passed","title":"should throw WaitTimeoutError when API response not found","duration":1,"failureMessages":[]},{"ancestorTitles":["","WaitStrategy","Extended Waits","forAnimationComplete"],"fullName":" WaitStrategy Extended Waits forAnimationComplete should wait for CSS animations to complete","status":"passed","title":"should wait for CSS animations to complete","duration":0,"failureMessages":[]},{"ancestorTitles":["","WaitStrategy","Extended Waits","forAnimationComplete"],"fullName":" WaitStrategy Extended Waits forAnimationComplete should throw WaitTimeoutError when animations do not complete","status":"passed","title":"should throw WaitTimeoutError when animations do not complete","duration":0,"failureMessages":[]},{"ancestorTitles":["","WaitStrategy","Custom Wait Conditions","forCustom"],"fullName":" WaitStrategy Custom Wait Conditions forCustom should wait for custom condition to be truthy","status":"passed","title":"should wait for custom condition to be truthy","duration":1,"failureMessages":[]},{"ancestorTitles":["","WaitStrategy","Custom Wait Conditions","forCustom"],"fullName":" WaitStrategy Custom Wait Conditions forCustom should handle condition returning false","status":"passed","title":"should handle condition returning false","duration":0,"failureMessages":[]},{"ancestorTitles":["","WaitStrategy","Custom Wait Conditions","forCustom"],"fullName":" WaitStrategy Custom Wait Conditions forCustom should handle condition throwing error","status":"passed","title":"should handle condition throwing error","duration":1,"failureMessages":[]},{"ancestorTitles":["","WaitStrategy","Locator Strategy Conversion"],"fullName":" WaitStrategy Locator Strategy Conversion should convert CSS strategy to Selenium By.css","status":"passed","title":"should convert CSS strategy to Selenium By.css","duration":0,"failureMessages":[]},{"ancestorTitles":["","WaitStrategy","Locator Strategy Conversion"],"fullName":" WaitStrategy Locator Strategy Conversion should convert data-testid strategy to Selenium By.css","status":"passed","title":"should convert data-testid strategy to Selenium By.css","duration":0,"failureMessages":[]},{"ancestorTitles":["","WaitStrategy","Locator Strategy Conversion"],"fullName":" WaitStrategy Locator Strategy Conversion should convert xpath strategy to Selenium By.xpath","status":"passed","title":"should convert xpath strategy to Selenium By.xpath","duration":0,"failureMessages":[]},{"ancestorTitles":["","WaitStrategy","Locator Strategy Conversion"],"fullName":" WaitStrategy Locator Strategy Conversion should convert aria-label strategy to Selenium By.css with attribute selector","status":"passed","title":"should convert aria-label strategy to Selenium By.css with attribute selector","duration":1,"failureMessages":[]},{"ancestorTitles":["","WaitStrategy","Locator Strategy Conversion"],"fullName":" WaitStrategy Locator Strategy Conversion should escape quotes in aria-label selector","status":"passed","title":"should escape quotes in aria-label selector","duration":0,"failureMessages":[]},{"ancestorTitles":["","WaitStrategy","Logging"],"fullName":" WaitStrategy Logging should log wait start with condition and timeout","status":"passed","title":"should log wait start with condition and timeout","duration":0,"failureMessages":[]},{"ancestorTitles":["","WaitStrategy","Logging"],"fullName":" WaitStrategy Logging should log wait completion with timing information","status":"passed","title":"should log wait completion with timing information","duration":1,"failureMessages":[]},{"ancestorTitles":["","WaitStrategy","Logging"],"fullName":" WaitStrategy Logging should log wait timeout with warning level","status":"passed","title":"should log wait timeout with warning level","duration":0,"failureMessages":[]},{"ancestorTitles":["","WaitStrategy","Error Context"],"fullName":" WaitStrategy Error Context should include locator details in WaitTimeoutError","status":"passed","title":"should include locator details in WaitTimeoutError","duration":1,"failureMessages":[]},{"ancestorTitles":["","WaitStrategy","Error Context"],"fullName":" WaitStrategy Error Context should include expected text in forText error context","status":"passed","title":"should include expected text in forText error context","duration":2,"failureMessages":[]},{"ancestorTitles":["","WaitStrategy","Error Context"],"fullName":" WaitStrategy Error Context should include expected count in forCount error context","status":"passed","title":"should include expected count in forCount error context","duration":3,"failureMessages":[]},{"ancestorTitles":["","WaitStrategy","Error Context"],"fullName":" WaitStrategy Error Context should include URL pattern in forApiResponse error context","status":"passed","title":"should include URL pattern in forApiResponse error context","duration":1,"failureMessages":[]},{"ancestorTitles":["","WaitStrategy","Factory Function"],"fullName":" WaitStrategy Factory Function should create WaitStrategy instance","status":"passed","title":"should create WaitStrategy instance","duration":1,"failureMessages":[]},{"ancestorTitles":["","WaitStrategy","Polling Interval"],"fullName":" WaitStrategy Polling Interval should use configured polling interval from config","status":"passed","title":"should use configured polling interval from config","duration":1,"failureMessages":[]},{"ancestorTitles":["","WaitStrategy","Edge Cases"],"fullName":" WaitStrategy Edge Cases should handle empty selector","status":"passed","title":"should handle empty selector","duration":1,"failureMessages":[]},{"ancestorTitles":["","WaitStrategy","Edge Cases"],"fullName":" WaitStrategy Edge Cases should handle zero timeout","status":"passed","title":"should handle zero timeout","duration":1,"failureMessages":[]},{"ancestorTitles":["","WaitStrategy","Edge Cases"],"fullName":" WaitStrategy Edge Cases should handle negative timeout by using config default","status":"passed","title":"should handle negative timeout by using config default","duration":2,"failureMessages":[]}],"startTime":1773322830170,"endTime":1773322830200,"status":"passed","message":"","name":"/Users/smartjoules/Jira2Test/packages/ui-automation/src/core/wait-strategy.test.ts"},{"assertionResults":[{"ancestorTitles":["","WebDriverService","initialize"],"fullName":" WebDriverService initialize should initialize browser successfully on first attempt","status":"passed","title":"should initialize browser successfully on first attempt","duration":6,"failureMessages":[]},{"ancestorTitles":["","WebDriverService","initialize"],"fullName":" WebDriverService initialize should retry with exponential backoff on failure","status":"passed","title":"should retry with exponential backoff on failure","duration":48,"failureMessages":[]},{"ancestorTitles":["","WebDriverService","initialize"],"fullName":" WebDriverService initialize should throw BrowserInitializationError after all retries fail","status":"passed","title":"should throw BrowserInitializationError after all retries fail","duration":36,"failureMessages":[]},{"ancestorTitles":["","WebDriverService","initialize"],"fullName":" WebDriverService initialize should include browser name and attempts in error","status":"passed","title":"should include browser name and attempts in error","duration":35,"failureMessages":[]},{"ancestorTitles":["","WebDriverService","initialize"],"fullName":" WebDriverService initialize should log session details after successful initialization","status":"passed","title":"should log session details after successful initialization","duration":6,"failureMessages":[]},{"ancestorTitles":["","WebDriverService","browser configuration"],"fullName":" WebDriverService browser configuration should configure Chrome browser with headless mode","status":"passed","title":"should configure Chrome browser with headless mode","duration":4,"failureMessages":[]},{"ancestorTitles":["","WebDriverService","browser configuration"],"fullName":" WebDriverService browser configuration should configure Firefox browser","status":"passed","title":"should configure Firefox browser","duration":5,"failureMessages":[]},{"ancestorTitles":["","WebDriverService","browser configuration"],"fullName":" WebDriverService browser configuration should configure Edge browser","status":"passed","title":"should configure Edge browser","duration":3,"failureMessages":[]},{"ancestorTitles":["","WebDriverService","browser configuration"],"fullName":" WebDriverService browser configuration should configure Safari browser","status":"passed","title":"should configure Safari browser","duration":1,"failureMessages":[]},{"ancestorTitles":["","WebDriverService","browser configuration"],"fullName":" WebDriverService browser configuration should pass additional browser arguments","status":"passed","title":"should pass additional browser arguments","duration":1,"failureMessages":[]},{"ancestorTitles":["","WebDriverService","browser configuration"],"fullName":" WebDriverService browser configuration should not add headless flag when headless is false","status":"passed","title":"should not add headless flag when headless is false","duration":8,"failureMessages":[]},{"ancestorTitles":["","WebDriverService","quit"],"fullName":" WebDriverService quit should quit browser and clean up","status":"passed","title":"should quit browser and clean up","duration":4,"failureMessages":[]},{"ancestorTitles":["","WebDriverService","quit"],"fullName":" WebDriverService quit should handle quit when driver is not initialized","status":"passed","title":"should handle quit when driver is not initialized","duration":2,"failureMessages":[]},{"ancestorTitles":["","WebDriverService","quit"],"fullName":" WebDriverService quit should set driver to null after quit","status":"passed","title":"should set driver to null after quit","duration":3,"failureMessages":[]},{"ancestorTitles":["","WebDriverService","getDriver"],"fullName":" WebDriverService getDriver should return null before initialization","status":"passed","title":"should return null before initialization","duration":3,"failureMessages":[]},{"ancestorTitles":["","WebDriverService","getDriver"],"fullName":" WebDriverService getDriver should return driver after initialization","status":"passed","title":"should return driver after initialization","duration":5,"failureMessages":[]},{"ancestorTitles":["","WebDriverService","BrowserInitializationError"],"fullName":" WebDriverService BrowserInitializationError should include browser name and attempts in error message","status":"passed","title":"should include browser name and attempts in error message","duration":11,"failureMessages":[]},{"ancestorTitles":["","WebDriverService","BrowserInitializationError"],"fullName":" WebDriverService BrowserInitializationError should work without lastError","status":"passed","title":"should work without lastError","duration":2,"failureMessages":[]}],"startTime":1773322831283,"endTime":1773322831467,"status":"passed","message":"","name":"/Users/smartjoules/Jira2Test/packages/ui-automation/src/core/webdriver-service.test.ts"},{"assertionResults":[{"ancestorTitles":["","TestDataManager - Property Tests","Property 55: Environment Variable Resolution"],"fullName":" TestDataManager - Property Tests Property 55: Environment Variable Resolution should resolve all environment variables when they are set","status":"passed","title":"should resolve all environment variables when they are set","duration":48,"failureMessages":[]},{"ancestorTitles":["","TestDataManager - Property Tests","Property 55: Environment Variable Resolution"],"fullName":" TestDataManager - Property Tests Property 55: Environment Variable Resolution should throw ConfigurationError for any missing environment variable","status":"passed","title":"should throw ConfigurationError for any missing environment variable","duration":36,"failureMessages":[]},{"ancestorTitles":["","TestDataManager - Property Tests","Property 55: Environment Variable Resolution"],"fullName":" TestDataManager - Property Tests Property 55: Environment Variable Resolution should resolve environment variables in nested objects","status":"passed","title":"should resolve environment variables in nested objects","duration":27,"failureMessages":[]},{"ancestorTitles":["","TestDataManager - Property Tests","Property 55: Environment Variable Resolution"],"fullName":" TestDataManager - Property Tests Property 55: Environment Variable Resolution should resolve environment variables in arrays","status":"passed","title":"should resolve environment variables in arrays","duration":32,"failureMessages":[]},{"ancestorTitles":["","TestDataManager - Property Tests","Property 55: Environment Variable Resolution"],"fullName":" TestDataManager - Property Tests Property 55: Environment Variable Resolution should handle mixed content with and without environment variables","status":"passed","title":"should handle mixed content with and without environment variables","duration":18,"failureMessages":[]},{"ancestorTitles":["","TestDataManager - Property Tests","Property 55: Environment Variable Resolution"],"fullName":" TestDataManager - Property Tests Property 55: Environment Variable Resolution should resolve multiple environment variables in a single string","status":"passed","title":"should resolve multiple environment variables in a single string","duration":27,"failureMessages":[]},{"ancestorTitles":["","TestDataManager - Property Tests","Property 55: Environment Variable Resolution"],"fullName":" TestDataManager - Property Tests Property 55: Environment Variable Resolution should not modify non-string values","status":"passed","title":"should not modify non-string values","duration":20,"failureMessages":[]}],"startTime":1773322831830,"endTime":1773322832038,"status":"passed","message":"","name":"/Users/smartjoules/Jira2Test/packages/ui-automation/src/data/test-data-manager.property.test.ts"},{"assertionResults":[{"ancestorTitles":["","TestDataManager","Data Loading"],"fullName":" TestDataManager Data Loading should load test data from YAML files","status":"passed","title":"should load test data from YAML files","duration":16,"failureMessages":[]},{"ancestorTitles":["","TestDataManager","Data Loading"],"fullName":" TestDataManager Data Loading should load multiple YAML files","status":"passed","title":"should load multiple YAML files","duration":1,"failureMessages":[]},{"ancestorTitles":["","TestDataManager","Data Loading"],"fullName":" TestDataManager Data Loading should throw ConfigurationError if fixtures directory does not exist","status":"passed","title":"should throw ConfigurationError if fixtures directory does not exist","duration":0,"failureMessages":[]},{"ancestorTitles":["","TestDataManager","Data Loading"],"fullName":" TestDataManager Data Loading should throw ConfigurationError for invalid YAML syntax","status":"passed","title":"should throw ConfigurationError for invalid YAML syntax","duration":1,"failureMessages":[]},{"ancestorTitles":["","TestDataManager","Environment Variable Resolution"],"fullName":" TestDataManager Environment Variable Resolution should resolve environment variables in strings","status":"passed","title":"should resolve environment variables in strings","duration":1,"failureMessages":[]},{"ancestorTitles":["","TestDataManager","Environment Variable Resolution"],"fullName":" TestDataManager Environment Variable Resolution should resolve multiple environment variables in a string","status":"passed","title":"should resolve multiple environment variables in a string","duration":1,"failureMessages":[]},{"ancestorTitles":["","TestDataManager","Environment Variable Resolution"],"fullName":" TestDataManager Environment Variable Resolution should resolve environment variables in nested objects","status":"passed","title":"should resolve environment variables in nested objects","duration":2,"failureMessages":[]},{"ancestorTitles":["","TestDataManager","Environment Variable Resolution"],"fullName":" TestDataManager Environment Variable Resolution should resolve environment variables in arrays","status":"passed","title":"should resolve environment variables in arrays","duration":1,"failureMessages":[]},{"ancestorTitles":["","TestDataManager","Environment Variable Resolution"],"fullName":" TestDataManager Environment Variable Resolution should throw ConfigurationError for missing environment variable","status":"passed","title":"should throw ConfigurationError for missing environment variable","duration":1,"failureMessages":[]},{"ancestorTitles":["","TestDataManager","Environment Variable Resolution"],"fullName":" TestDataManager Environment Variable Resolution should not resolve environment variables in non-string values","status":"passed","title":"should not resolve environment variables in non-string values","duration":3,"failureMessages":[]},{"ancestorTitles":["","TestDataManager","Error Handling"],"fullName":" TestDataManager Error Handling should throw TestDataNotFoundError for non-existent domain","status":"passed","title":"should throw TestDataNotFoundError for non-existent domain","duration":1,"failureMessages":[]},{"ancestorTitles":["","TestDataManager","Error Handling"],"fullName":" TestDataManager Error Handling should throw TestDataNotFoundError for non-existent key","status":"passed","title":"should throw TestDataNotFoundError for non-existent key","duration":2,"failureMessages":[]},{"ancestorTitles":["","TestDataManager","Error Handling"],"fullName":" TestDataManager Error Handling should include available domains in error context","status":"passed","title":"should 
[...]
","title":"should throw error for empty feature name","duration":2,"failureMessages":[]},{"ancestorTitles":["","generate:feature command","Feature file generation"],"fullName":" generate:feature command Feature file generation should throw error for invalid feature name with special characters","status":"passed","title":"should throw error for invalid feature name with special characters","duration":0,"failureMessages":[]},{"ancestorTitles":["","generate:feature command","Step definition generation"],"fullName":" generate:feature command Step definition generation should generate step definition file alongside feature","status":"passed","title":"should generate step definition file alongside feature","duration":2,"failureMessages":[]},{"ancestorTitles":["","generate:feature command","Step definition generation"],"fullName":" generate:feature command Step definition generation should generate step definitions with correct imports","status":"passed","title":"should generate step definitions with correct imports","duration":1,"failureMessages":[]},{"ancestorTitles":["","generate:feature command","Step definition generation"],"fullName":" generate:feature command Step definition generation should generate step definitions with page object import","status":"passed","title":"should generate step definitions with page object import","duration":3,"failureMessages":[]},{"ancestorTitles":["","generate:feature command","Step definition generation"],"fullName":" generate:feature command Step definition generation should generate step definitions with placeholder steps","status":"passed","title":"should generate step definitions with placeholder steps","duration":3,"failureMessages":[]},{"ancestorTitles":["","generate:feature command","Step definition generation"],"fullName":" generate:feature command Step definition generation should create steps directory if it does not exist","status":"passed","title":"should create steps directory if it does not exist","duration":1,"failureMessages":[]},{"ancestorTitles":["","generate:feature command","File naming conventions"],"fullName":" generate:feature command File naming conventions should convert PascalCase to kebab-case","status":"passed","title":"should convert PascalCase to kebab-case","duration":2,"failureMessages":[]},{"ancestorTitles":["","generate:feature command","File naming conventions"],"fullName":" generate:feature command File naming conventions should handle already kebab-cased names","status":"passed","title":"should handle already kebab-cased names","duration":3,"failureMessages":[]},{"ancestorTitles":["","generate:feature command","Verbose output"],"fullName":" generate:feature command Verbose output should log file creation when verbose is true","status":"passed","title":"should log file creation when verbose is true","duration":4,"failureMessages":[]},{"ancestorTitles":["","generate:feature command","Verbose output"],"fullName":" generate:feature command Verbose output should not log verbose details when verbose is false","status":"passed","title":"should not log verbose details when verbose is false","duration":2,"failureMessages":[]}],"startTime":1773322832092,"endTime":1773322832127,"status":"passed","message":"","name":"/Users/smartjoules/Jira2Test/packages/ui-automation/cli/commands/generate-feature.test.ts"},{"assertionResults":[{"ancestorTitles":["","Property 51: Typed Locator Compile-Time Safety"],"fullName":" Property 51: Typed Locator Compile-Time Safety should generate valid TypeScript for any valid YAML locator definition","status":"passed","title":"should generate valid TypeScript for any valid YAML locator definition","duration":213,"failureMessages":[]},{"ancestorTitles":["","Property 51: Typed Locator Compile-Time Safety"],"fullName":" Property 51: Typed Locator Compile-Time Safety should preserve all locator strategies correctly in generated code","status":"passed","title":"should preserve all locator strategies correctly in generated code","duration":21,"failureMessages":[]},{"ancestorTitles":["","Property 51: Typed Locator Compile-Time Safety"],"fullName":" Property 51: Typed Locator Compile-Time Safety should correctly type all locator properties (selector, strategy, description, timeout)","status":"passed","title":"should correctly type all locator properties (selector, strategy, description, timeout)","duration":71,"failureMessages":[]},{"ancestorTitles":["","Property 51: Typed Locator Compile-Time Safety"],"fullName":" Property 51: Typed Locator Compile-Time Safety should generate const assertions for type-safe autocomplete","status":"passed","title":"should generate const assertions for type-safe autocomplete","duration":95,"failureMessages":[]},{"ancestorTitles":["","Property 51: Typed Locator Compile-Time Safety"],"fullName":" Property 51: Typed Locator Compile-Time Safety should generate type exports for TypeScript autocomplete support","status":"passed","title":"should generate type exports for TypeScript autocomplete support","duration":50,"failureMessages":[]},{"ancestorTitles":["","Property 51: Typed Locator Compile-Time Safety"],"fullName":" Property 51: Typed Locator Compile-Time Safety should import Locator type for type safety","status":"passed","title":"should import Locator type for type safety","duration":38,"failureMessages":[]},{"ancestorTitles":["","Property 51: Typed Locator Compile-Time Safety"],"fullName":" Property 51: Typed Locator Compile-Time Safety should handle multiple domains in separate YAML files","status":"passed","title":"should handle multiple domains in separate YAML files","duration":145,"failureMessages":[]},{"ancestorTitles":["","Property 51: Typed Locator Compile-Time Safety"],"fullName":" Property 51: Typed Locator Compile-Time Safety should escape special characters in selectors correctly","status":"passed","title":"should escape special characters in selectors correctly","duration":18,"failureMessages":[]}],"startTime":1773322830954,"endTime":1773322831605,"status":"passed","message":"","name":"/Users/smartjoules/Jira2Test/packages/ui-automation/cli/commands/generate-locators.property.test.ts"},{"assertionResults":[{"ancestorTitles":["","generate-locators command","YAML parsing"],"fullName":" generate-locators command YAML parsing should parse valid YAML files and generate TypeScript","status":"passed","title":"should parse valid YAML files and generate TypeScript","duration":7,"failureMessages":[]},{"ancestorTitles":["","generate-locators command","YAML parsing"],"fullName":" generate-locators command YAML parsing should handle multiple YAML files","status":"passed","title":"should handle multiple YAML files","duration":2,"failureMessages":[]},{"ancestorTitles":["","generate-locators command","YAML parsing"],"fullName":" generate-locators command YAML parsing should handle locators with optional timeout","status":"passed","title":"should handle locators with optional timeout","duration":1,"failureMessages":[]},{"ancestorTitles":["","generate-locators command","validation"],"fullName":" generate-locators command validation should throw error for missing selector","status":"passed","title":"should throw error for missing selector","duration":1,"failureMessages":[]},{"ancestorTitles":["","generate-locators command","validation"],"fullName":" generate-locators command validation should throw error for invalid strategy","status":"passed","title":"should throw error for invalid strategy","duration":1,"failureMessages":[]},{"ancestorTitles":["","generate-locators command","validation"],"fullName":" generate-locators command validation should throw error for missing description","status":"passed","title":"should throw error for missing description","duration":1,"failureMessages":[]},{"ancestorTitles":["","generate-locators command","validation"],"fullName":" generate-locators command validation should throw error for invalid timeout","status":"passed","title":"should throw error for invalid timeout","duration":5,"failureMessages":[]},{"ancestorTitles":["","generate-locators command","error handling"],"fullName":" generate-locators command error handling should throw error for non-existent registry directory","status":"passed","title":"should throw error for non-existent registry directory","duration":7,"failureMessages":[]},{"ancestorTitles":["","generate-locators command","error handling"],"fullName":" generate-locators command error handling should throw error for empty registry directory","status":"passed","title":"should throw error for empty registry directory","duration":1,"failureMessages":[]},{"ancestorTitles":["","generate-locators command","generated output"],"fullName":" generate-locators command generated output should include AUTO-GENERATED header","status":"passed","title":"should include AUTO-GENERATED header","duration":2,"failureMessages":[]},{"ancestorTitles":["","generate-locators command","generated output"],"fullName":" generate-locators command generated output should include Locator type import","status":"passed","title":"should include Locator type import","duration":1,"failureMessages":[]},{"ancestorTitles":["","generate-locators command","generated output"],"fullName":" generate-locators command generated output should use const assertions","status":"passed","title":"should use const assertions","duration":2,"failureMessages":[]},{"ancestorTitles":["","generate-locators command","generated output"],"fullName":" generate-locators command generated output should generate type exports for autocomplete","status":"passed","title":"should generate type exports for autocomplete","duration":2,"failureMessages":[]},{"ancestorTitles":["","generate-locators command","generated output"],"fullName":" generate-locators command generated output should escape special characters in selectors","status":"passed","title":"should escape special characters in selectors","duration":1,"failureMessages":[]},{"ancestorTitles":["","generate-locators command","all locator strategies"],"fullName":" generate-locators command all locator strategies should support css strategy","status":"passed","title":"should support css strategy","duration":1,"failureMessages":[]},{"ancestorTitles":["","generate-locators command","all locator strategies"],"fullName":" generate-locators command all locator strategies should support data-testid strategy","status":"passed","title":"should support data-testid strategy","duration":2,"failureMessages":[]},{"ancestorTitles":["","generate-locators command","all locator strategies"],"fullName":" generate-locators command all locator strategies should support xpath strategy","status":"passed","title":"should support xpath strategy","duration":4,"failureMessages":[]},{"ancestorTitles":["","generate-locators command","all locator strategies"],"fullName":" generate-locators command all locator strategies should support aria-label strategy","status":"passed","title":"should support aria-label strategy","duration":2,"failureMessages":[]}],"startTime":1773322831756,"endTime":1773322831801,"status":"passed","message":"","name":"/Users/smartjoules/Jira2Test/packages/ui-automation/cli/commands/generate-locators.test.ts"},{"assertionResults":[{"ancestorTitles":["","generate:page command","Page object generation"],"fullName":" generate:page command Page object generation should generate page object with correct structure","status":"passed","title":"should generate page object with correct structure","duration":4,"failureMessages":[]},{"ancestorTitles":["","generate:page command","Page object generation"],"fullName":" generate:page command Page object generation should generate page object with correct imports","status":"passed","title":"should generate page object with correct imports","duration":3,"failureMessages":[]},{"ancestorTitles":["","generate:page command","Page object generation"],"fullName":" generate:page command Page object generation should generate page object with pageName property","status":"passed","title":"should generate page object with pageName property","duration":1,"failureMessages":[]},{"ancestorTitles":["","generate:page command","Page object generation"],"fullName":" generate:page command Page object generation should generate page object with pageUrl property","status":"passed","title":"should generate page object with pageUrl property","duration":2,"failureMessages":[]},{"ancestorTitles":["","generate:page command","Page object generation"],"fullName":" generate:page command Page object generation should create domain directory if it does not exist","status":"passed","title":"should create domain directory if it does not exist","duration":1,"failureMessages":[]},{"ancestorTitles":["","generate:page command","Page object generation"],"fullName":" generate:page command Page object generation should use kebab-case for page file names","status":"passed","title":"should use kebab-case for page file names","duration":4,"failureMessages":[]},{"ancestorTitles":["","generate:page command","Page object generation"],"fullName":" generate:page command Page object generation should use PascalCase for class names","status":"passed","title":"should use PascalCase for class names","duration":2,"failureMessages":[]},{"ancestorTitles":["","generate:page command","Page object generation"],"fullName":" generate:page command Page object generation should throw error for empty page name","status":"passed","title":"should throw error for empty page name","duration":0,"failureMessages":[]},{"ancestorTitles":["","generate:page command","Page object generation"],"fullName":" generate:page command Page object generation should throw error for invalid page name with special characters","status":"passed","title":"should throw error for invalid page name with special characters","duration":1,"failureMessages":[]},{"ancestorTitles":["","generate:page command","Page object methods"],"fullName":" generate:page command Page object methods should generate placeholder action methods","status":"passed","title":"should generate placeholder action methods","duration":1,"failureMessages":[]},{"ancestorTitles":["","generate:page command","Page object methods"],"fullName":" generate:page command Page object methods should include JSDoc comments","status":"passed","title":"should include JSDoc comments","duration":2,"failureMessages":[]},{"ancestorTitles":["","generate:page command","Verbose output"],"fullName":" generate:page command Verbose output should log file creation when verbose is true","status":"passed","title":"should log file creation when verbose is true","duration":2,"failureMessages":[]},{"ancestorTitles":["","generate:page command","Verbose output"],"fullName":" generate:page command Verbose output should not log verbose details when verbose is false","status":"passed","title":"should not log verbose details when verbose is false","duration":1,"failureMessages":[]}],"startTime":1773322832162,"endTime":1773322832187,"status":"passed","message":"","name":"/Users/smartjoules/Jira2Test/packages/ui-automation/cli/commands/generate-page.test.ts"},{"assertionResults":[{"ancestorTitles":["","metrics:report CLI command","Task 16.1: Create metrics:report CLI command"],"fullName":" metrics:report CLI command Task 16.1: Create metrics:report CLI command should query SQLite database for test metrics","status":"passed","title":"should query SQLite database for test metrics","duration":9,"failureMessages":[]},{"ancestorTitles":["","metrics:report CLI command","Task 16.1: Create metrics:report CLI command"],"fullName":" metrics:report CLI command Task 16.1: Create metrics:report CLI command should support multiple output formats (json, html, console)","status":"passed","title":"should support multiple output formats (json, html, console)","duration":3,"failureMessages":[]},{"ancestorTitles":["","metrics:report CLI command","Task 16.1: Create metrics:report CLI command"],"fullName":" metrics:report CLI command Task 16.1: Create metrics:report CLI command should support date range filtering with --days option","status":"passed","title":"should support date range filtering with --days option","duration":1,"failureMessages":[]},{"ancestorTitles":["","metrics:report CLI command","Task 16.2: Generate performance comparison reports"],"fullName":" metrics:report CLI command Task 16.2: Generate performance comparison reports should compare current run vs baseline","status":"passed","title":"should compare current run vs baseline","duration":5,"failureMessages":[]},{"ancestorTitles":["","metrics:report CLI command","Task 16.2: Generate performance comparison reports"],"fullName":" metrics:report CLI command Task 16.2: Generate performance comparison reports should identify performance regressions (>50% slower)","status":"passed","title":"should identify performance regressions (>50% slower)","duration":1,"failureMessages":[]},{"ancestorTitles":["","metrics:report CLI command","Task 16.2: Generate performance comparison reports"],"fullName":" metrics:report CLI command Task 16.2: Generate performance comparison reports should report slow locators (>500ms threshold)","status":"passed","title":"should report slow locators (>500ms threshold)","duration":1,"failureMessages":[]},{"ancestorTitles":["","metrics:report CLI command","Task 16.2: Generate performance comparison reports"],"fullName":" metrics:report CLI command Task 16.2: Generate performance comparison reports should calculate parallel execution efficiency","status":"passed","title":"should calculate parallel execution efficiency","duration":3,"failureMessages":[]},{"ancestorTitles":["","metrics:report CLI command","Task 16.2: Generate performance comparison reports"],"fullName":" metrics:report CLI command Task 16.2: Generate performance comparison reports should report wait inefficiencies","status":"passed","title":"should report wait inefficiencies","duration":1,"failureMessages":[]},{"ancestorTitles":["","metrics:report CLI command","Task 16.3: Output format conversion"],"fullName":" metrics:report CLI command Task 16.3: Output format conversion should generate JSON format report","status":"passed","title":"should generate JSON format report","duration":15,"failureMessages":[]},{"ancestorTitles":["","metrics:report CLI command","Task 16.3: Output format conversion"],"fullName":" metrics:report CLI command Task 16.3: Output format conversion should generate HTML format report","status":"passed","title":"should generate HTML format report","duration":8,"failureMessages":[]},{"ancestorTitles":["","metrics:report CLI command","Task 16.3: Output format conversion"],"fullName":" metrics:report CLI command Task 16.3: Output format conversion should output to console format","status":"passed","title":"should output to console format","duration":3,"failureMessages":[]}],"startTime":1773322831004,"endTime":1773322831057,"status":"passed","message":"","name":"/Users/smartjoules/Jira2Test/packages/ui-automation/cli/commands/metrics-report.test.ts"},{"assertionResults":[{"ancestorTitles":["","validate-selectors command","validateSelectors"],"fullName":" validate-selectors command validateSelectors should validate selectors from locator registry","status":"passed","title":"should validate selectors from locator registry","duration":1,"failureMessages":[]},{"ancestorTitles":["","validate-selectors command","validateSelectors"],"fullName":" validate-selectors command validateSelectors should report validation results","status":"passed","title":"should report validation results","duration":0,"failureMessages":[]},{"ancestorTitles":["","validate-selectors command","validateSelectors"],"fullName":" validate-selectors command validateSelectors should handle missing locator files gracefully","status":"passed","title":"should handle missing locator files gracefully","duration":0,"failureMessages":[]}],"startTime":1773322832369,"endTime":1773322832370,"status":"passed","message":"","name":"/Users/smartjoules/Jira2Test/packages/ui-automation/cli/commands/validate-selectors.test.ts"}]}